c:\prog\2d_blit3dv2\blit3dv2\blit3dv2\x64\debug\vc140.pdb
c:\prog\2d_blit3dv2\blit3dv2\blit3dv2\x64\debug\vc140.idb
c:\prog\2d_blit3dv2\blit3dv2\blit3dv2\x64\debug\angelcodefont.obj
c:\prog\2d_blit3dv2\blit3dv2\blit3dv2\x64\debug\bfont.obj
c:\prog\2d_blit3dv2\blit3dv2\blit3dv2\x64\debug\blit3d.obj
c:\prog\2d_blit3dv2\blit3dv2\blit3dv2\x64\debug\byteswap.obj
c:\prog\2d_blit3dv2\blit3dv2\blit3dv2\x64\debug\glslprogram.obj
c:\prog\2d_blit3dv2\blit3dv2\blit3dv2\x64\debug\glutils.obj
c:\prog\2d_blit3dv2\blit3dv2\blit3dv2\x64\debug\logger.obj
c:\prog\2d_blit3dv2\blit3dv2\blit3dv2\x64\debug\renderbuffer.obj
c:\prog\2d_blit3dv2\blit3dv2\blit3dv2\x64\debug\shadermanager.obj
c:\prog\2d_blit3dv2\blit3dv2\blit3dv2\x64\debug\sprite.obj
c:\prog\2d_blit3dv2\blit3dv2\blit3dv2\x64\debug\texturemanager.obj
c:\prog\2d_blit3dv2\blit3dv2\blit3dv2\x64\debug\main.obj
c:\prog\2d_blit3dv2\blit3dv2\x64\debug\blit3dv2.ilk
c:\prog\2d_blit3dv2\blit3dv2\x64\debug\blit3dv2.exe
c:\prog\2d_blit3dv2\blit3dv2\x64\debug\blit3dv2.pdb
c:\prog\2d_blit3dv2\blit3dv2\blit3dv2\x64\debug\blit3dv2.tlog\cl.command.1.tlog
c:\prog\2d_blit3dv2\blit3dv2\blit3dv2\x64\debug\blit3dv2.tlog\cl.read.1.tlog
c:\prog\2d_blit3dv2\blit3dv2\blit3dv2\x64\debug\blit3dv2.tlog\cl.write.1.tlog
c:\prog\2d_blit3dv2\blit3dv2\blit3dv2\x64\debug\blit3dv2.tlog\link.command.1.tlog
c:\prog\2d_blit3dv2\blit3dv2\blit3dv2\x64\debug\blit3dv2.tlog\link.read.1.tlog
c:\prog\2d_blit3dv2\blit3dv2\blit3dv2\x64\debug\blit3dv2.tlog\link.write.1.tlog
