c:\prog\2d_blit3dv2\blit3dv2\blit3dv2\release\vc140.pdb
c:\prog\2d_blit3dv2\blit3dv2\blit3dv2\release\main.obj
c:\prog\2d_blit3dv2\blit3dv2\blit3dv2\release\texturemanager.obj
c:\prog\2d_blit3dv2\blit3dv2\blit3dv2\release\sprite.obj
c:\prog\2d_blit3dv2\blit3dv2\blit3dv2\release\shadermanager.obj
c:\prog\2d_blit3dv2\blit3dv2\blit3dv2\release\renderbuffer.obj
c:\prog\2d_blit3dv2\blit3dv2\blit3dv2\release\logger.obj
c:\prog\2d_blit3dv2\blit3dv2\blit3dv2\release\glutils.obj
c:\prog\2d_blit3dv2\blit3dv2\blit3dv2\release\glslprogram.obj
c:\prog\2d_blit3dv2\blit3dv2\blit3dv2\release\byteswap.obj
c:\prog\2d_blit3dv2\blit3dv2\blit3dv2\release\blit3d.obj
c:\prog\2d_blit3dv2\blit3dv2\blit3dv2\release\bfont.obj
c:\prog\2d_blit3dv2\blit3dv2\blit3dv2\release\angelcodefont.obj
c:\prog\2d_blit3dv2\blit3dv2\release\blit3dv2.exe
c:\prog\2d_blit3dv2\blit3dv2\release\blit3dv2.ipdb
c:\prog\2d_blit3dv2\blit3dv2\release\blit3dv2.iobj
c:\prog\2d_blit3dv2\blit3dv2\release\blit3dv2.pdb
c:\prog\2d_blit3dv2\blit3dv2\blit3dv2\release\blit3dv2.tlog\cl.command.1.tlog
c:\prog\2d_blit3dv2\blit3dv2\blit3dv2\release\blit3dv2.tlog\cl.read.1.tlog
c:\prog\2d_blit3dv2\blit3dv2\blit3dv2\release\blit3dv2.tlog\cl.write.1.tlog
c:\prog\2d_blit3dv2\blit3dv2\blit3dv2\release\blit3dv2.tlog\link.command.1.tlog
c:\prog\2d_blit3dv2\blit3dv2\blit3dv2\release\blit3dv2.tlog\link.read.1.tlog
c:\prog\2d_blit3dv2\blit3dv2\blit3dv2\release\blit3dv2.tlog\link.write.1.tlog
