  main.cpp
main.cpp(6): warning C4067: unexpected tokens following preprocessor directive - expected a newline
d:\programing\games\asteroids\blit3dv2\Ship.h(15): warning C4305: 'initializing': truncation from 'double' to 'float'
d:\programing\games\asteroids\blit3dv2\Ship.h(30): warning C4305: 'initializing': truncation from 'double' to 'float'
main.cpp(94): warning C4244: 'initializing': conversion from 'lua_Number' to 'int', possible loss of data
main.cpp(110): warning C4244: 'initializing': conversion from 'lua_Number' to 'int', possible loss of data
main.cpp(111): warning C4244: 'initializing': conversion from 'lua_Number' to 'int', possible loss of data
main.cpp(167): warning C4305: 'argument': truncation from 'double' to 'GLfloat'
main.cpp(204): warning C4244: 'argument': conversion from 'double' to 'float', possible loss of data
main.cpp(210): warning C4244: 'argument': conversion from 'double' to 'float', possible loss of data
main.cpp(215): warning C4244: 'argument': conversion from 'double' to 'float', possible loss of data
main.cpp(243): warning C4305: '*=': truncation from 'double' to 'float'
main.cpp(263): warning C4305: '*=': truncation from 'double' to 'float'
main.cpp(346): warning C4244: '+=': conversion from 'double' to 'float', possible loss of data
main.cpp(401): warning C4244: 'argument': conversion from 'int' to 'float', possible loss of data
     Creating library D:\Programing\Games\Asteroids\Release\Asteroids.lib and object D:\Programing\Games\Asteroids\Release\Asteroids.exp
LINK : warning LNK4098: defaultlib 'LIBCMT' conflicts with use of other libs; use /NODEFAULTLIB:library
  Generating code
  1 of 2777 functions ( 0.0%) were compiled, the rest were copied from previous compilation.
    0 functions were new in current compilation
    1 functions had inline decision re-evaluated but remain unchanged
  Finished generating code
glew32s.lib(glew.obj) : warning LNK4099: PDB 'glew_static.pdb' was not found with 'glew32s.lib(glew.obj)' or at 'D:\Programing\Games\Asteroids\Release\glew_static.pdb'; linking object as if no debug info
  Blit3Dv2.vcxproj -> D:\Programing\Games\Asteroids\Release\Asteroids.exe
  Blit3Dv2.vcxproj -> D:\Programing\Games\Asteroids\Release\Asteroids.pdb (Full PDB)
