d:\programing\games\asteroids\debug\asteroids.lib
d:\programing\games\asteroids\debug\asteroids.exp
d:\programing\games\asteroids\blit3dv2\debug\vc141.pdb
d:\programing\games\asteroids\blit3dv2\debug\vc141.idb
d:\programing\games\asteroids\blit3dv2\debug\bfont.obj
d:\programing\games\asteroids\blit3dv2\debug\blit3d.obj
d:\programing\games\asteroids\blit3dv2\debug\byteswap.obj
d:\programing\games\asteroids\blit3dv2\debug\glslprogram.obj
d:\programing\games\asteroids\blit3dv2\debug\glutils.obj
d:\programing\games\asteroids\blit3dv2\debug\logger.obj
d:\programing\games\asteroids\blit3dv2\debug\renderbuffer.obj
d:\programing\games\asteroids\blit3dv2\debug\shadermanager.obj
d:\programing\games\asteroids\blit3dv2\debug\sprite.obj
d:\programing\games\asteroids\blit3dv2\debug\texturemanager.obj
d:\programing\games\asteroids\blit3dv2\debug\akdefaultlowleveliodispatcher.obj
d:\programing\games\asteroids\blit3dv2\debug\akfilelocationbase.obj
d:\programing\games\asteroids\blit3dv2\debug\akfilepackage.obj
d:\programing\games\asteroids\blit3dv2\debug\akfilepackagelut.obj
d:\programing\games\asteroids\blit3dv2\debug\akdefaultiohookblocking.obj
d:\programing\games\asteroids\blit3dv2\debug\akdefaultiohookdeferred.obj
d:\programing\games\asteroids\blit3dv2\debug\dieroller.obj
d:\programing\games\asteroids\blit3dv2\debug\main.obj
d:\programing\games\asteroids\blit3dv2\debug\ship.obj
d:\programing\games\asteroids\blit3dv2\debug\rock.obj
d:\programing\games\asteroids\blit3dv2\debug\audioengine.obj
d:\programing\games\asteroids\blit3dv2\debug\angelcodefont.obj
d:\programing\games\asteroids\blit3dv2\debug\luastuff.obj
d:\programing\games\asteroids\blit3dv2\debug\markovchain.obj
d:\programing\games\asteroids\debug\asteroids.exe
d:\programing\games\asteroids\debug\asteroids.ilk
d:\programing\games\asteroids\debug\asteroids.pdb
d:\programing\games\asteroids\blit3dv2\debug\vc140.idb
d:\programing\games\asteroids\blit3dv2\debug\vc140.pdb
d:\programing\games\asteroids\blit3dv2\debug\asteroids.tlog\asteroids.write.1u.tlog
d:\programing\games\asteroids\blit3dv2\debug\asteroids.tlog\cl.command.1.tlog
d:\programing\games\asteroids\blit3dv2\debug\asteroids.tlog\cl.read.1.tlog
d:\programing\games\asteroids\blit3dv2\debug\asteroids.tlog\cl.write.1.tlog
d:\programing\games\asteroids\blit3dv2\debug\asteroids.tlog\link.command.1.tlog
d:\programing\games\asteroids\blit3dv2\debug\asteroids.tlog\link.delete.1.tlog
d:\programing\games\asteroids\blit3dv2\debug\asteroids.tlog\link.read.1.tlog
d:\programing\games\asteroids\blit3dv2\debug\asteroids.tlog\link.write.1.tlog
